<?xml version="1.0" encoding="UTF-8"?>
<testsuite xmlns:xsi="http://www.w3.org/2001/XMLSchema-instance" xsi:schemaLocation="https://maven.apache.org/surefire/maven-surefire-plugin/xsd/surefire-test-report.xsd" name="site.mtnsj.core.AddressTest" time="0.482" tests="15" errors="12" skipped="0" failures="2">
  <properties>
    <property name="java.runtime.name" value="OpenJDK Runtime Environment"/>
    <property name="sun.boot.library.path" value="/usr/lib/jvm/java-8-openjdk-amd64/jre/lib/amd64"/>
    <property name="java.vm.version" value="25.191-b12"/>
    <property name="java.vm.vendor" value="Oracle Corporation"/>
    <property name="maven.multiModuleProjectDirectory" value="/mnt/c/deps/wallet/MTNSj"/>
    <property name="java.vendor.url" value="http://java.oracle.com/"/>
    <property name="path.separator" value=":"/>
    <property name="guice.disable.misplaced.annotation.check" value="true"/>
    <property name="java.vm.name" value="OpenJDK 64-Bit Server VM"/>
    <property name="file.encoding.pkg" value="sun.io"/>
    <property name="sun.java.launcher" value="SUN_STANDARD"/>
    <property name="sun.os.patch.level" value="unknown"/>
    <property name="java.vm.specification.name" value="Java Virtual Machine Specification"/>
    <property name="user.dir" value="/mnt/c/deps/wallet/MTNSj"/>
    <property name="java.runtime.version" value="1.8.0_191-8u191-b12-0ubuntu0.18.04.1-b12"/>
    <property name="java.awt.graphicsenv" value="sun.awt.X11GraphicsEnvironment"/>
    <property name="java.endorsed.dirs" value="/usr/lib/jvm/java-8-openjdk-amd64/jre/lib/endorsed"/>
    <property name="os.arch" value="amd64"/>
    <property name="java.io.tmpdir" value="/tmp"/>
    <property name="line.separator" value="&#10;"/>
    <property name="java.vm.specification.vendor" value="Oracle Corporation"/>
    <property name="os.name" value="Linux"/>
    <property name="classworlds.conf" value="/usr/share/maven/bin/m2.conf"/>
    <property name="sun.jnu.encoding" value="UTF-8"/>
    <property name="java.library.path" value="/usr/java/packages/lib/amd64:/usr/lib/x86_64-linux-gnu/jni:/lib/x86_64-linux-gnu:/usr/lib/x86_64-linux-gnu:/usr/lib/jni:/lib:/usr/lib"/>
    <property name="maven.conf" value="/usr/share/maven/conf"/>
    <property name="java.specification.name" value="Java Platform API Specification"/>
    <property name="java.class.version" value="52.0"/>
    <property name="sun.management.compiler" value="HotSpot 64-Bit Tiered Compilers"/>
    <property name="os.version" value="4.4.0-17763-Microsoft"/>
    <property name="library.jansi.path" value="/usr/share/maven/lib/jansi-native"/>
    <property name="user.home" value="/home/ubuntu"/>
    <property name="user.timezone" value="GMT"/>
    <property name="java.awt.printerjob" value="sun.print.PSPrinterJob"/>
    <property name="java.specification.version" value="1.8"/>
    <property name="file.encoding" value="UTF-8"/>
    <property name="user.name" value="ubuntu"/>
    <property name="java.class.path" value="/usr/share/maven/boot/plexus-classworlds-2.x.jar"/>
    <property name="java.vm.specification.version" value="1.8"/>
    <property name="sun.arch.data.model" value="64"/>
    <property name="java.home" value="/usr/lib/jvm/java-8-openjdk-amd64/jre"/>
    <property name="sun.java.command" value="org.codehaus.plexus.classworlds.launcher.Launcher install"/>
    <property name="java.specification.vendor" value="Oracle Corporation"/>
    <property name="user.language" value="en"/>
    <property name="awt.toolkit" value="sun.awt.X11.XToolkit"/>
    <property name="java.vm.info" value="mixed mode"/>
    <property name="java.version" value="1.8.0_191"/>
    <property name="java.ext.dirs" value="/usr/lib/jvm/java-8-openjdk-amd64/jre/lib/ext:/usr/java/packages/lib/ext"/>
    <property name="securerandom.source" value="file:/dev/./urandom"/>
    <property name="sun.boot.class.path" value="/usr/lib/jvm/java-8-openjdk-amd64/jre/lib/resources.jar:/usr/lib/jvm/java-8-openjdk-amd64/jre/lib/rt.jar:/usr/lib/jvm/java-8-openjdk-amd64/jre/lib/sunrsasign.jar:/usr/lib/jvm/java-8-openjdk-amd64/jre/lib/jsse.jar:/usr/lib/jvm/java-8-openjdk-amd64/jre/lib/jce.jar:/usr/lib/jvm/java-8-openjdk-amd64/jre/lib/charsets.jar:/usr/lib/jvm/java-8-openjdk-amd64/jre/lib/jfr.jar:/usr/lib/jvm/java-8-openjdk-amd64/jre/classes"/>
    <property name="java.vendor" value="Oracle Corporation"/>
    <property name="maven.home" value="/usr/share/maven"/>
    <property name="file.separator" value="/"/>
    <property name="java.vendor.url.bug" value="http://bugreport.sun.com/bugreport/"/>
    <property name="sun.cpu.endian" value="little"/>
    <property name="sun.io.unicode.encoding" value="UnicodeLittle"/>
    <property name="sun.cpu.isalist" value=""/>
  </properties>
  <testcase name="comparisonGreaterThan" classname="site.mtnsj.core.AddressTest" time="0.015">
    <error message="Version code of address did not match acceptable versions for network: 0 not in [63, 8]" type="site.mtnsj.core.WrongNetworkException">site.mtnsj.core.WrongNetworkException: Version code of address did not match acceptable versions for network: 0 not in [63, 8]
	at site.mtnsj.core.AddressTest.comparisonGreaterThan(AddressTest.java:241)
</error>
  </testcase>
  <testcase name="comparisonEqualTo" classname="site.mtnsj.core.AddressTest" time="0.001">
    <error message="Version code of address did not match acceptable versions for network: 0 not in [63, 8]" type="site.mtnsj.core.WrongNetworkException">site.mtnsj.core.WrongNetworkException: Version code of address did not match acceptable versions for network: 0 not in [63, 8]
	at site.mtnsj.core.AddressTest.comparisonEqualTo(AddressTest.java:223)
</error>
  </testcase>
  <testcase name="getNetwork" classname="site.mtnsj.core.AddressTest" time="0.03">
    <error message="No network found for MvRLbC1q5zq3SMCa5vBDy14hVGVEuo5uSw" type="site.mtnsj.core.AddressFormatException">site.mtnsj.core.AddressFormatException: No network found for MvRLbC1q5zq3SMCa5vBDy14hVGVEuo5uSw
	at site.mtnsj.core.AddressTest.getNetwork(AddressTest.java:117)
</error>
  </testcase>
  <testcase name="testJavaSerialization" classname="site.mtnsj.core.AddressTest" time="0.001">
    <error message="Version code of address did not match acceptable versions for network: 111 not in [83, 18]" type="site.mtnsj.core.WrongNetworkException">site.mtnsj.core.WrongNetworkException: Version code of address did not match acceptable versions for network: 111 not in [83, 18]
	at site.mtnsj.core.AddressTest.testJavaSerialization(AddressTest.java:43)
</error>
  </testcase>
  <testcase name="p2shAddressCreationFromKeys" classname="site.mtnsj.core.AddressTest" time="0.002">
    <error message="Version code of address did not match acceptable versions for network: 128 not in [191]" type="site.mtnsj.core.WrongNetworkException">site.mtnsj.core.WrongNetworkException: Version code of address did not match acceptable versions for network: 128 not in [191]
	at site.mtnsj.core.AddressTest.p2shAddressCreationFromKeys(AddressTest.java:184)
</error>
  </testcase>
  <testcase name="p2shAddress" classname="site.mtnsj.core.AddressTest" time="0.001">
    <error message="Version code of address did not match acceptable versions for network: 5 not in [63, 8]" type="site.mtnsj.core.WrongNetworkException">site.mtnsj.core.WrongNetworkException: Version code of address did not match acceptable versions for network: 5 not in [63, 8]
	at site.mtnsj.core.AddressTest.p2shAddress(AddressTest.java:158)
</error>
  </testcase>
  <testcase name="stringification" classname="site.mtnsj.core.AddressTest" time="0.004">
    <failure message="expected:&lt;[n4eA2nbYqErp7H6jebchxAN59DmNpksexv]&gt; but was:&lt;[aoBGTkFUxBtHD9CJxrHnNek3X6YxqaoVbP]&gt;" type="org.junit.ComparisonFailure"><![CDATA[org.junit.ComparisonFailure: expected:<[n4eA2nbYqErp7H6jebchxAN59DmNpksexv]> but was:<[aoBGTkFUxBtHD9CJxrHnNek3X6YxqaoVbP]>
	at site.mtnsj.core.AddressTest.stringification(AddressTest.java:63)
]]></failure>
  </testcase>
  <testcase name="getAltNetwork" classname="site.mtnsj.core.AddressTest" time="0.013">
    <error message="No network found for 17kzeh4N8g49GFvdDzSf8PjaPfyoD1MndL" type="site.mtnsj.core.AddressFormatException">site.mtnsj.core.AddressFormatException: No network found for 17kzeh4N8g49GFvdDzSf8PjaPfyoD1MndL
	at site.mtnsj.core.AddressTest.getAltNetwork(AddressTest.java:145)
</error>
  </testcase>
  <testcase name="decoding" classname="site.mtnsj.core.AddressTest" time="0.001">
    <error message="Version code of address did not match acceptable versions for network: 111 not in [83, 18]" type="site.mtnsj.core.WrongNetworkException">site.mtnsj.core.WrongNetworkException: Version code of address did not match acceptable versions for network: 111 not in [83, 18]
	at site.mtnsj.core.AddressTest.decoding(AddressTest.java:74)
</error>
  </testcase>
  <testcase name="cloning" classname="site.mtnsj.core.AddressTest" time="0"/>
  <testcase name="comparisonCloneEqualTo" classname="site.mtnsj.core.AddressTest" time="0.001">
    <error message="Version code of address did not match acceptable versions for network: 0 not in [63, 8]" type="site.mtnsj.core.WrongNetworkException">site.mtnsj.core.WrongNetworkException: Version code of address did not match acceptable versions for network: 0 not in [63, 8]
	at site.mtnsj.core.AddressTest.comparisonCloneEqualTo(AddressTest.java:214)
</error>
  </testcase>
  <testcase name="comparisonLessThan" classname="site.mtnsj.core.AddressTest" time="0.001">
    <error message="Version code of address did not match acceptable versions for network: 0 not in [63, 8]" type="site.mtnsj.core.WrongNetworkException">site.mtnsj.core.WrongNetworkException: Version code of address did not match acceptable versions for network: 0 not in [63, 8]
	at site.mtnsj.core.AddressTest.comparisonLessThan(AddressTest.java:232)
</error>
  </testcase>
  <testcase name="roundtripBase58" classname="site.mtnsj.core.AddressTest" time="0">
    <error message="No network found for 17kzeh4N8g49GFvdDzSf8PjaPfyoD1MndL" type="site.mtnsj.core.AddressFormatException">site.mtnsj.core.AddressFormatException: No network found for 17kzeh4N8g49GFvdDzSf8PjaPfyoD1MndL
	at site.mtnsj.core.AddressTest.roundtripBase58(AddressTest.java:209)
</error>
  </testcase>
  <testcase name="errorPaths" classname="site.mtnsj.core.AddressTest" time="0">
    <failure message="expected:&lt;0&gt; but was:&lt;63&gt;" type="java.lang.AssertionError"><![CDATA[java.lang.AssertionError: expected:<0> but was:<63>
	at site.mtnsj.core.AddressTest.errorPaths(AddressTest.java:108)
]]></failure>
  </testcase>
  <testcase name="comparisonBytesVsString" classname="site.mtnsj.core.AddressTest" time="0.001">
    <error message="Version code of address did not match acceptable versions for network: 0 not in [63, 8]" type="site.mtnsj.core.WrongNetworkException">site.mtnsj.core.WrongNetworkException: Version code of address did not match acceptable versions for network: 0 not in [63, 8]
	at site.mtnsj.core.AddressTest.comparisonBytesVsString(AddressTest.java:251)
</error>
  </testcase>
</testsuite>