<?xml version="1.0" encoding="UTF-8"?>
<testsuite xmlns:xsi="http://www.w3.org/2001/XMLSchema-instance" xsi:schemaLocation="https://maven.apache.org/surefire/maven-surefire-plugin/xsd/surefire-test-report.xsd" name="site.mtnsj.core.BlockTest" time="0.08" tests="12" errors="3" skipped="0" failures="3">
  <properties>
    <property name="java.runtime.name" value="OpenJDK Runtime Environment"/>
    <property name="sun.boot.library.path" value="/usr/lib/jvm/java-8-openjdk-amd64/jre/lib/amd64"/>
    <property name="java.vm.version" value="25.191-b12"/>
    <property name="java.vm.vendor" value="Oracle Corporation"/>
    <property name="maven.multiModuleProjectDirectory" value="/mnt/c/deps/wallet/MTNSj"/>
    <property name="java.vendor.url" value="http://java.oracle.com/"/>
    <property name="path.separator" value=":"/>
    <property name="guice.disable.misplaced.annotation.check" value="true"/>
    <property name="java.vm.name" value="OpenJDK 64-Bit Server VM"/>
    <property name="file.encoding.pkg" value="sun.io"/>
    <property name="sun.java.launcher" value="SUN_STANDARD"/>
    <property name="sun.os.patch.level" value="unknown"/>
    <property name="java.vm.specification.name" value="Java Virtual Machine Specification"/>
    <property name="user.dir" value="/mnt/c/deps/wallet/MTNSj"/>
    <property name="java.runtime.version" value="1.8.0_191-8u191-b12-0ubuntu0.18.04.1-b12"/>
    <property name="java.awt.graphicsenv" value="sun.awt.X11GraphicsEnvironment"/>
    <property name="java.endorsed.dirs" value="/usr/lib/jvm/java-8-openjdk-amd64/jre/lib/endorsed"/>
    <property name="os.arch" value="amd64"/>
    <property name="java.io.tmpdir" value="/tmp"/>
    <property name="line.separator" value="&#10;"/>
    <property name="java.vm.specification.vendor" value="Oracle Corporation"/>
    <property name="os.name" value="Linux"/>
    <property name="classworlds.conf" value="/usr/share/maven/bin/m2.conf"/>
    <property name="sun.jnu.encoding" value="UTF-8"/>
    <property name="java.library.path" value="/usr/java/packages/lib/amd64:/usr/lib/x86_64-linux-gnu/jni:/lib/x86_64-linux-gnu:/usr/lib/x86_64-linux-gnu:/usr/lib/jni:/lib:/usr/lib"/>
    <property name="maven.conf" value="/usr/share/maven/conf"/>
    <property name="java.specification.name" value="Java Platform API Specification"/>
    <property name="java.class.version" value="52.0"/>
    <property name="sun.management.compiler" value="HotSpot 64-Bit Tiered Compilers"/>
    <property name="os.version" value="4.4.0-17763-Microsoft"/>
    <property name="library.jansi.path" value="/usr/share/maven/lib/jansi-native"/>
    <property name="user.home" value="/home/ubuntu"/>
    <property name="user.timezone" value="GMT"/>
    <property name="java.awt.printerjob" value="sun.print.PSPrinterJob"/>
    <property name="java.specification.version" value="1.8"/>
    <property name="file.encoding" value="UTF-8"/>
    <property name="user.name" value="ubuntu"/>
    <property name="java.class.path" value="/usr/share/maven/boot/plexus-classworlds-2.x.jar"/>
    <property name="java.vm.specification.version" value="1.8"/>
    <property name="sun.arch.data.model" value="64"/>
    <property name="java.home" value="/usr/lib/jvm/java-8-openjdk-amd64/jre"/>
    <property name="sun.java.command" value="org.codehaus.plexus.classworlds.launcher.Launcher install"/>
    <property name="java.specification.vendor" value="Oracle Corporation"/>
    <property name="user.language" value="en"/>
    <property name="awt.toolkit" value="sun.awt.X11.XToolkit"/>
    <property name="java.vm.info" value="mixed mode"/>
    <property name="java.version" value="1.8.0_191"/>
    <property name="java.ext.dirs" value="/usr/lib/jvm/java-8-openjdk-amd64/jre/lib/ext:/usr/java/packages/lib/ext"/>
    <property name="securerandom.source" value="file:/dev/./urandom"/>
    <property name="sun.boot.class.path" value="/usr/lib/jvm/java-8-openjdk-amd64/jre/lib/resources.jar:/usr/lib/jvm/java-8-openjdk-amd64/jre/lib/rt.jar:/usr/lib/jvm/java-8-openjdk-amd64/jre/lib/sunrsasign.jar:/usr/lib/jvm/java-8-openjdk-amd64/jre/lib/jsse.jar:/usr/lib/jvm/java-8-openjdk-amd64/jre/lib/jce.jar:/usr/lib/jvm/java-8-openjdk-amd64/jre/lib/charsets.jar:/usr/lib/jvm/java-8-openjdk-amd64/jre/lib/jfr.jar:/usr/lib/jvm/java-8-openjdk-amd64/jre/classes"/>
    <property name="java.vendor" value="Oracle Corporation"/>
    <property name="maven.home" value="/usr/share/maven"/>
    <property name="file.separator" value="/"/>
    <property name="java.vendor.url.bug" value="http://bugreport.sun.com/bugreport/"/>
    <property name="sun.cpu.endian" value="little"/>
    <property name="sun.io.unicode.encoding" value="UnicodeLittle"/>
    <property name="sun.cpu.isalist" value=""/>
  </properties>
  <testcase name="testBadTransactions" classname="site.mtnsj.core.BlockTest" time="0.014"/>
  <testcase name="testReceiveCoinbaseTransaction" classname="site.mtnsj.core.BlockTest" time="0">
    <error type="java.lang.NullPointerException">java.lang.NullPointerException
	at site.mtnsj.core.BlockTest.testReceiveCoinbaseTransaction(BlockTest.java:224)
</error>
  </testcase>
  <testcase name="isBIPs" classname="site.mtnsj.core.BlockTest" time="0">
    <error type="java.lang.NullPointerException">java.lang.NullPointerException
	at site.mtnsj.core.BlockTest.isBIPs(BlockTest.java:263)
</error>
  </testcase>
  <testcase name="testProofOfWork" classname="site.mtnsj.core.BlockTest" time="0.014">
    <failure type="java.lang.AssertionError">java.lang.AssertionError
	at site.mtnsj.core.BlockTest.testProofOfWork(BlockTest.java:95)
</failure>
    <system-out><![CDATA[Starting reading transaction cursor offset: 81
Starting reading transaction cursor offset: 215
Starting reading transaction cursor offset: 473
Starting reading transaction cursor offset: 730
Starting reading transaction cursor offset: 988
Starting reading transaction cursor offset: 1246
Starting reading transaction cursor offset: 1504
Starting reading transaction cursor offset: 1727
Starting reading transaction cursor offset: 1985
Starting reading transaction cursor offset: 2242
Starting reading transaction cursor offset: 2466
Starting reading transaction cursor offset: 2725
]]></system-out>
  </testcase>
  <testcase name="testDate" classname="site.mtnsj.core.BlockTest" time="0.012"/>
  <testcase name="testWork" classname="site.mtnsj.core.BlockTest" time="0">
    <failure message="expected:&lt;536879104&gt; but was:&lt;1048577&gt;" type="java.lang.AssertionError"><![CDATA[java.lang.AssertionError: expected:<536879104> but was:<1048577>
	at site.mtnsj.core.BlockTest.testWork(BlockTest.java:70)
]]></failure>
  </testcase>
  <testcase name="testCoinbaseHeightTestnet" classname="site.mtnsj.core.BlockTest" time="0">
    <error type="java.lang.NullPointerException">java.lang.NullPointerException
	at site.mtnsj.core.BlockTest.testCoinbaseHeightTestnet(BlockTest.java:192)
</error>
  </testcase>
  <testcase name="testUpdateLength" classname="site.mtnsj.core.BlockTest" time="0"/>
  <testcase name="testBitcoinSerialization" classname="site.mtnsj.core.BlockTest" time="0.013"/>
  <testcase name="testHeaderParse" classname="site.mtnsj.core.BlockTest" time="0.015"/>
  <testcase name="testBlockVerification" classname="site.mtnsj.core.BlockTest" time="0.011">
    <failure message="expected:&lt;[00000000a6e5eb79dcec11897af55e90cd571a4335383a3ccfbc12ec81085935]&gt; but was:&lt;[a3b59aa2e018b01697e362be9c854ce482e9e8d56a66e3392f2ea53bda6fb046]&gt;" type="org.junit.ComparisonFailure"><![CDATA[org.junit.ComparisonFailure: expected:<[00000000a6e5eb79dcec11897af55e90cd571a4335383a3ccfbc12ec81085935]> but was:<[a3b59aa2e018b01697e362be9c854ce482e9e8d56a66e3392f2ea53bda6fb046]>
	at site.mtnsj.core.BlockTest.testBlockVerification(BlockTest.java:77)
]]></failure>
    <system-out><![CDATA[Starting reading transaction cursor offset: 81
Starting reading transaction cursor offset: 215
Starting reading transaction cursor offset: 473
Starting reading transaction cursor offset: 730
Starting reading transaction cursor offset: 988
Starting reading transaction cursor offset: 1246
Starting reading transaction cursor offset: 1504
Starting reading transaction cursor offset: 1727
Starting reading transaction cursor offset: 1985
Starting reading transaction cursor offset: 2242
Starting reading transaction cursor offset: 2466
Starting reading transaction cursor offset: 2725
]]></system-out>
  </testcase>
  <testcase name="genesisBlockTest" classname="site.mtnsj.core.BlockTest" time="0"/>
</testsuite>